<?xml version="1.0" encoding="UTF-8"?>
<!-- Generated by org.testng.reporters.JUnitReportReporter -->
<testsuite hostname="LAPTOP-EILEJI2A" failures="0" tests="1" name="com.banking.testCases.TC_loginTest_001" time="1.870" errors="0" timestamp="2023-04-11T16:55:17 IST" skipped="0">
  <testcase classname="com.banking.testCases.TC_loginTest_001" name="loginTest" time="1.870"/>
  <system-out/>
</testsuite> <!-- com.banking.testCases.TC_loginTest_001 -->
